<?xml version="1.0" encoding="UTF-8"?>
<coverage generated="1607989507690" clover="3.2.0">
  <project timestamp="1607989507691" name="All files">
    <metrics statements="25" coveredstatements="25" conditionals="20" coveredconditionals="20" methods="7" coveredmethods="7" elements="52" coveredelements="52" complexity="0" loc="25" ncloc="25" packages="2" files="2" classes="2"/>
    <package name="Details">
      <metrics statements="10" coveredstatements="10" conditionals="14" coveredconditionals="14" methods="3" coveredmethods="3"/>
      <file name="index.tsx" path="/Users/devitt_john/Personal/StarWarsApp/src/Details/index.tsx">
        <metrics statements="10" coveredstatements="10" conditionals="14" coveredconditionals="14" methods="3" coveredmethods="3"/>
        <line num="18" count="2" type="stmt"/>
        <line num="19" count="12" type="cond" truecount="2" falsecount="0"/>
        <line num="21" count="12" type="stmt"/>
        <line num="41" count="52" type="cond" truecount="4" falsecount="0"/>
        <line num="42" count="40" type="cond" truecount="2" falsecount="0"/>
        <line num="43" count="4" type="stmt"/>
        <line num="54" count="36" type="cond" truecount="2" falsecount="0"/>
        <line num="55" count="36" type="cond" truecount="2" falsecount="0"/>
        <line num="56" count="26" type="stmt"/>
        <line num="75" count="2" type="stmt"/>
      </file>
    </package>
    <package name="TypeList">
      <metrics statements="15" coveredstatements="15" conditionals="6" coveredconditionals="6" methods="4" coveredmethods="4"/>
      <file name="index.tsx" path="/Users/devitt_john/Personal/StarWarsApp/src/TypeList/index.tsx">
        <metrics statements="15" coveredstatements="15" conditionals="6" coveredconditionals="6" methods="4" coveredmethods="4"/>
        <line num="18" count="1" type="stmt"/>
        <line num="19" count="14" type="stmt"/>
        <line num="21" count="14" type="stmt"/>
        <line num="28" count="14" type="cond" truecount="2" falsecount="0"/>
        <line num="29" count="5" type="stmt"/>
        <line num="36" count="9" type="cond" truecount="2" falsecount="0"/>
        <line num="37" count="1" type="stmt"/>
        <line num="43" count="8" type="stmt"/>
        <line num="51" count="8" type="cond" truecount="2" falsecount="0"/>
        <line num="52" count="1" type="stmt"/>
        <line num="59" count="7" type="stmt"/>
        <line num="64" count="2" type="stmt"/>
        <line num="68" count="14" type="stmt"/>
        <line num="78" count="2" type="stmt"/>
        <line num="88" count="1" type="stmt"/>
      </file>
    </package>
  </project>
</coverage>
