{"/Users/devitt_john/Personal/StarWarsApp/src/Details/index.tsx": {"path":"/Users/devitt_john/Personal/StarWarsApp/src/Details/index.tsx","statementMap":{"0":{"start":{"line":18,"column":33},"end":{"line":73,"column":1}},"1":{"start":{"line":19,"column":15},"end":{"line":19,"column":69}},"2":{"start":{"line":19,"column":41},"end":{"line":19,"column":56}},"3":{"start":{"line":21,"column":2},"end":{"line":72,"column":3}},"4":{"start":{"line":41,"column":14},"end":{"line":41,"column":69}},"5":{"start":{"line":41,"column":58},"end":{"line":41,"column":69}},"6":{"start":{"line":42,"column":14},"end":{"line":52,"column":17}},"7":{"start":{"line":43,"column":16},"end":{"line":52,"column":17}},"8":{"start":{"line":54,"column":16},"end":{"line":54,"column":77}},"9":{"start":{"line":55,"column":14},"end":{"line":55,"column":37}},"10":{"start":{"line":55,"column":26},"end":{"line":55,"column":37}},"11":{"start":{"line":56,"column":14},"end":{"line":65,"column":15}},"12":{"start":{"line":75,"column":15},"end":{"line":102,"column":2}}},"fnMap":{"0":{"name":"(anonymous_0)","decl":{"start":{"line":18,"column":33},"end":{"line":18,"column":34}},"loc":{"start":{"line":18,"column":65},"end":{"line":73,"column":1}},"line":18},"1":{"name":"(anonymous_1)","decl":{"start":{"line":19,"column":31},"end":{"line":19,"column":32}},"loc":{"start":{"line":19,"column":41},"end":{"line":19,"column":56}},"line":19},"2":{"name":"(anonymous_2)","decl":{"start":{"line":40,"column":34},"end":{"line":40,"column":35}},"loc":{"start":{"line":40,"column":51},"end":{"line":66,"column":13}},"line":40}},"branchMap":{"0":{"loc":{"start":{"line":19,"column":15},"end":{"line":19,"column":69}},"type":"cond-expr","locations":[{"start":{"line":19,"column":20},"end":{"line":19,"column":57}},{"start":{"line":19,"column":60},"end":{"line":19,"column":69}}],"line":19},"1":{"loc":{"start":{"line":39,"column":11},"end":{"line":66,"column":14}},"type":"binary-expr","locations":[{"start":{"line":39,"column":11},"end":{"line":39,"column":17}},{"start":{"line":40,"column":12},"end":{"line":66,"column":14}}],"line":39},"2":{"loc":{"start":{"line":41,"column":14},"end":{"line":41,"column":69}},"type":"if","locations":[{"start":{"line":41,"column":14},"end":{"line":41,"column":69}},{"start":{"line":41,"column":14},"end":{"line":41,"column":69}}],"line":41},"3":{"loc":{"start":{"line":41,"column":18},"end":{"line":41,"column":56}},"type":"binary-expr","locations":[{"start":{"line":41,"column":18},"end":{"line":41,"column":38}},{"start":{"line":41,"column":42},"end":{"line":41,"column":56}}],"line":41},"4":{"loc":{"start":{"line":42,"column":14},"end":{"line":52,"column":17}},"type":"if","locations":[{"start":{"line":42,"column":14},"end":{"line":52,"column":17}},{"start":{"line":42,"column":14},"end":{"line":52,"column":17}}],"line":42},"5":{"loc":{"start":{"line":54,"column":16},"end":{"line":54,"column":77}},"type":"cond-expr","locations":[{"start":{"line":54,"column":45},"end":{"line":54,"column":65}},{"start":{"line":54,"column":68},"end":{"line":54,"column":77}}],"line":54},"6":{"loc":{"start":{"line":55,"column":14},"end":{"line":55,"column":37}},"type":"if","locations":[{"start":{"line":55,"column":14},"end":{"line":55,"column":37}},{"start":{"line":55,"column":14},"end":{"line":55,"column":37}}],"line":55}},"s":{"0":2,"1":12,"2":6,"3":12,"4":52,"5":12,"6":40,"7":4,"8":36,"9":36,"10":10,"11":26,"12":2},"f":{"0":12,"1":6,"2":52},"b":{"0":[6,6],"1":[12,6],"2":[12,40],"3":[52,46],"4":[4,36],"5":[10,26],"6":[10,26]},"_coverageSchema":"1a1c01bbd47fc00a2c39e90264f33305004495a9","hash":"1ce1bd0fbdf38da368aa12e847f4b2c5d8a8de77"}
,"/Users/devitt_john/Personal/StarWarsApp/src/TypeList/index.tsx": {"path":"/Users/devitt_john/Personal/StarWarsApp/src/TypeList/index.tsx","statementMap":{"0":{"start":{"line":18,"column":34},"end":{"line":86,"column":1}},"1":{"start":{"line":19,"column":36},"end":{"line":19,"column":75}},"2":{"start":{"line":21,"column":35},"end":{"line":26,"column":4}},"3":{"start":{"line":28,"column":2},"end":{"line":34,"column":3}},"4":{"start":{"line":29,"column":4},"end":{"line":33,"column":5}},"5":{"start":{"line":36,"column":2},"end":{"line":41,"column":5}},"6":{"start":{"line":37,"column":4},"end":{"line":41,"column":5}},"7":{"start":{"line":43,"column":16},"end":{"line":49,"column":3}},"8":{"start":{"line":51,"column":2},"end":{"line":57,"column":3}},"9":{"start":{"line":52,"column":4},"end":{"line":56,"column":5}},"10":{"start":{"line":59,"column":2},"end":{"line":85,"column":3}},"11":{"start":{"line":64,"column":27},"end":{"line":64,"column":50}},"12":{"start":{"line":68,"column":8},"end":{"line":82,"column":9}},"13":{"start":{"line":78,"column":29},"end":{"line":78,"column":51}},"14":{"start":{"line":88,"column":15},"end":{"line":97,"column":2}}},"fnMap":{"0":{"name":"(anonymous_0)","decl":{"start":{"line":18,"column":34},"end":{"line":18,"column":35}},"loc":{"start":{"line":18,"column":50},"end":{"line":86,"column":1}},"line":18},"1":{"name":"(anonymous_1)","decl":{"start":{"line":64,"column":21},"end":{"line":64,"column":22}},"loc":{"start":{"line":64,"column":27},"end":{"line":64,"column":50}},"line":64},"2":{"name":"(anonymous_2)","decl":{"start":{"line":67,"column":17},"end":{"line":67,"column":18}},"loc":{"start":{"line":67,"column":41},"end":{"line":83,"column":7}},"line":67},"3":{"name":"(anonymous_3)","decl":{"start":{"line":78,"column":23},"end":{"line":78,"column":24}},"loc":{"start":{"line":78,"column":29},"end":{"line":78,"column":51}},"line":78}},"branchMap":{"0":{"loc":{"start":{"line":28,"column":2},"end":{"line":34,"column":3}},"type":"if","locations":[{"start":{"line":28,"column":2},"end":{"line":34,"column":3}},{"start":{"line":28,"column":2},"end":{"line":34,"column":3}}],"line":28},"1":{"loc":{"start":{"line":36,"column":2},"end":{"line":41,"column":5}},"type":"if","locations":[{"start":{"line":36,"column":2},"end":{"line":41,"column":5}},{"start":{"line":36,"column":2},"end":{"line":41,"column":5}}],"line":36},"2":{"loc":{"start":{"line":51,"column":2},"end":{"line":57,"column":3}},"type":"if","locations":[{"start":{"line":51,"column":2},"end":{"line":57,"column":3}},{"start":{"line":51,"column":2},"end":{"line":57,"column":3}}],"line":51}},"s":{"0":1,"1":14,"2":14,"3":14,"4":5,"5":9,"6":1,"7":8,"8":8,"9":1,"10":7,"11":2,"12":14,"13":2,"14":1},"f":{"0":14,"1":2,"2":14,"3":2},"b":{"0":[5,9],"1":[1,8],"2":[1,7]},"_coverageSchema":"1a1c01bbd47fc00a2c39e90264f33305004495a9","hash":"c71c5c53d34b58dc728c0188ae6e90b53d6ff865"}
}
