TN:
SF:src/Details/index.tsx
FN:18,(anonymous_0)
FN:19,(anonymous_1)
FN:40,(anonymous_2)
FNF:3
FNH:3
FNDA:12,(anonymous_0)
FNDA:6,(anonymous_1)
FNDA:52,(anonymous_2)
DA:18,2
DA:19,12
DA:21,12
DA:41,52
DA:42,40
DA:43,4
DA:54,36
DA:55,36
DA:56,26
DA:75,2
LF:10
LH:10
BRDA:19,0,0,6
BRDA:19,0,1,6
BRDA:39,1,0,12
BRDA:39,1,1,6
BRDA:41,2,0,12
BRDA:41,2,1,40
BRDA:41,3,0,52
BRDA:41,3,1,46
BRDA:42,4,0,4
BRDA:42,4,1,36
BRDA:54,5,0,10
BRDA:54,5,1,26
BRDA:55,6,0,10
BRDA:55,6,1,26
BRF:14
BRH:14
end_of_record
TN:
SF:src/TypeList/index.tsx
FN:18,(anonymous_0)
FN:64,(anonymous_1)
FN:67,(anonymous_2)
FN:78,(anonymous_3)
FNF:4
FNH:4
FNDA:14,(anonymous_0)
FNDA:2,(anonymous_1)
FNDA:14,(anonymous_2)
FNDA:2,(anonymous_3)
DA:18,1
DA:19,14
DA:21,14
DA:28,14
DA:29,5
DA:36,9
DA:37,1
DA:43,8
DA:51,8
DA:52,1
DA:59,7
DA:64,2
DA:68,14
DA:78,2
DA:88,1
LF:15
LH:15
BRDA:28,0,0,5
BRDA:28,0,1,9
BRDA:36,1,0,1
BRDA:36,1,1,8
BRDA:51,2,0,1
BRDA:51,2,1,7
BRF:6
BRH:6
end_of_record
